<?xml version="1.0" encoding="UTF-8"?>
<!-- Generated by org.testng.reporters.JUnitReportReporter -->
<testsuite hostname="DESKTOP-V2AP8VU" failures="0" tests="1" name="practice1.CreateProductWithOrganization" time="0.001" errors="0" timestamp="2022-03-15T17:40:02 IST" skipped="0">
  <testcase classname="practice1.CreateProductWithOrganization" name="createProductWithOrganization" time="0.001"/>
  <system-out/>
</testsuite> <!-- practice1.CreateProductWithOrganization -->
