<?xml version="1.0" encoding="UTF-8"?>
<!-- Generated by org.testng.reporters.JUnitReportReporter -->
<testsuite hostname="DESKTOP-V2AP8VU" failures="0" tests="1" name="com.crm.autodesk.TestNG.CreatingContractWithindustryTest" time="55.825" errors="0" timestamp="2022-03-23T12:42:16 IST" skipped="0">
  <testcase classname="com.crm.autodesk.TestNG.CreatingContractWithindustryTest" name="createWithindustry" time="55.825"/>
  <system-out/>
</testsuite> <!-- com.crm.autodesk.TestNG.CreatingContractWithindustryTest -->
