<?xml version="1.0" encoding="UTF-8"?>
<!-- Generated by org.testng.reporters.JUnitReportReporter -->
<testsuite hostname="DESKTOP-V2AP8VU" failures="0" tests="1" name="com.crm.autodesk.TestNG.CreateOrganization" time="103.191" errors="0" timestamp="2022-03-14T21:14:28 IST" skipped="0">
  <testcase classname="com.crm.autodesk.TestNG.CreateOrganization" name="createOrganization" time="103.191"/>
  <system-out/>
</testsuite> <!-- com.crm.autodesk.TestNG.CreateOrganization -->
