<?xml version="1.0" encoding="UTF-8"?>
<!-- Generated by org.testng.reporters.JUnitReportReporter -->
<testsuite hostname="DESKTOP-V2AP8VU" failures="0" tests="1" name="com.crm.autodesk.TestNG.CreateOrganizationWithIndustry" time="87.623" errors="0" timestamp="2022-03-17T10:41:14 IST" skipped="0">
  <testcase classname="com.crm.autodesk.TestNG.CreateOrganizationWithIndustry" name="CreateOrganizationWithIndustry" time="87.623"/>
  <system-out/>
</testsuite> <!-- com.crm.autodesk.TestNG.CreateOrganizationWithIndustry -->
