<?xml version="1.0" encoding="UTF-8"?>
<!-- Generated by org.testng.reporters.JUnitReportReporter -->
<testsuite hostname="DESKTOP-V2AP8VU" failures="0" tests="2" name="practice.CreateContact1" time="61.779" errors="0" timestamp="2022-03-14T12:11:18 IST" skipped="0">
  <testcase classname="practice.CreateContact1" name="sample" time="26.664"/>
  <system-out/>
  <testcase classname="practice.CreateContact1" name="sample" time="35.115"/>
  <system-out/>
</testsuite> <!-- practice.CreateContact1 -->
