<?xml version="1.0" encoding="UTF-8"?>
<!-- Generated by org.testng.reporters.JUnitReportReporter -->
<testsuite hostname="DESKTOP-V2AP8VU" failures="0" tests="1" name="com.crm.autodesk.TestNG.TestCreateOrganization" time="53.515" errors="0" timestamp="2022-03-16T17:16:40 IST" skipped="0">
  <testcase classname="com.crm.autodesk.TestNG.TestCreateOrganization" name="createOrganization" time="53.515"/>
  <system-out/>
</testsuite> <!-- com.crm.autodesk.TestNG.TestCreateOrganization -->
