<?xml version="1.0" encoding="UTF-8"?>
<!-- Generated by org.testng.reporters.JUnitReportReporter -->
<testsuite hostname="DESKTOP-V2AP8VU" failures="0" tests="2" name="practice.CreateContactTestNG" time="77.426" errors="0" timestamp="2022-03-14T12:41:34 IST" skipped="0">
  <testcase classname="practice.CreateContactTestNG" name="sample" time="27.968"/>
  <system-out/>
  <testcase classname="practice.CreateContactTestNG" name="sample" time="49.458"/>
  <system-out/>
</testsuite> <!-- practice.CreateContactTestNG -->
