<?xml version="1.0" encoding="UTF-8"?>
<!-- Generated by org.testng.reporters.JUnitReportReporter -->
<testsuite hostname="DESKTOP-V2AP8VU" failures="0" tests="4" name="practice.InvocationTestNG" time="0.017" errors="0" timestamp="2022-03-14T13:57:45 IST" skipped="1">
  <testcase classname="practice.InvocationTestNG" name="sample" time="0.002"/>
  <system-out/>
  <testcase classname="practice.InvocationTestNG" name="sample" time="0.002"/>
  <system-out/>
  <testcase classname="practice.InvocationTestNG" name="demo" time="0.013"/>
  <system-out/>
  <testcase classname="practice.InvocationTestNG" name="Tester">
    <skipped/>
  </testcase> <!-- Tester -->
  <system-out/>
</testsuite> <!-- practice.InvocationTestNG -->
