<?xml version="1.0" encoding="UTF-8"?>
<!-- Generated by org.testng.reporters.JUnitReportReporter -->
<testsuite hostname="DESKTOP-V2AP8VU" failures="0" tests="1" name="practice1.DataDrivenTesting" time="0.039" errors="0" timestamp="2022-03-16T14:51:37 IST" skipped="0">
  <testcase classname="practice1.DataDrivenTesting" name="testData" time="0.039"/>
  <system-out/>
</testsuite> <!-- practice1.DataDrivenTesting -->
