<?xml version="1.0" encoding="UTF-8"?>
<!-- Generated by org.testng.reporters.JUnitReportReporter -->
<testsuite hostname="DESKTOP-V2AP8VU" failures="0" tests="1" name="practice1.CreateOrganizationWithIndustry" time="0.004" errors="0" timestamp="2022-03-15T17:40:02 IST" skipped="0">
  <testcase classname="practice1.CreateOrganizationWithIndustry" name="createorgWithindustry" time="0.004"/>
  <system-out/>
</testsuite> <!-- practice1.CreateOrganizationWithIndustry -->
