<?xml version="1.0" encoding="UTF-8"?>
<!-- Generated by org.testng.reporters.JUnitReportReporter -->
<testsuite hostname="DESKTOP-V2AP8VU" failures="0" tests="4" name="practice.PriorityTestNG" time="0.024" errors="0" timestamp="2022-03-14T13:21:33 IST" skipped="0">
  <testcase classname="practice.PriorityTestNG" name="sample" time="0.015"/>
  <system-out/>
  <testcase classname="practice.PriorityTestNG" name="Account" time="0.003"/>
  <system-out/>
  <testcase classname="practice.PriorityTestNG" name="demo" time="0.002"/>
  <system-out/>
  <testcase classname="practice.PriorityTestNG" name="Tester" time="0.004"/>
  <system-out/>
</testsuite> <!-- practice.PriorityTestNG -->
