<?xml version="1.0" encoding="UTF-8"?>
<!-- Generated by org.testng.reporters.JUnitReportReporter -->
<testsuite hostname="DESKTOP-V2AP8VU" failures="0" tests="1" name="practice1.CreateProduct" time="0.004" errors="0" timestamp="2022-03-15T16:11:25 IST" skipped="0">
  <testcase classname="practice1.CreateProduct" name="createProduct" time="0.004"/>
  <system-out/>
</testsuite> <!-- practice1.CreateProduct -->
