<?xml version="1.0" encoding="UTF-8"?>
<!-- Generated by org.testng.reporters.JUnitReportReporter -->
<testsuite hostname="DESKTOP-V2AP8VU" failures="0" tests="1" name="practice1.Assertion" time="0.035" errors="0" timestamp="2022-03-16T16:26:29 IST" skipped="0">
  <testcase classname="practice1.Assertion" name="testAssert" time="0.035"/>
  <system-out/>
</testsuite> <!-- practice1.Assertion -->
