<?xml version="1.0" encoding="UTF-8"?>
<!-- Generated by org.testng.reporters.JUnitReportReporter -->
<testsuite hostname="DESKTOP-V2AP8VU" failures="0" tests="9" name="practice1.CreateOrganization" time="0.217" errors="0" timestamp="2022-03-16T15:17:36 IST" skipped="0">
  <testcase classname="practice1.CreateOrganization" name="createindustry" time="0.006"/>
  <system-out/>
  <testcase classname="practice1.CreateOrganization" name="createindustry" time="0.007"/>
  <system-out/>
  <testcase classname="practice1.CreateOrganization" name="createContract" time="0.045"/>
  <system-out/>
  <testcase classname="practice1.CreateOrganization" name="createContract" time="0.046"/>
  <system-out/>
  <testcase classname="practice1.CreateOrganization" name="createOrg" time="0.007"/>
  <system-out/>
  <testcase classname="practice1.CreateOrganization" name="createOrg" time="0.034"/>
  <system-out/>
  <testcase classname="practice1.CreateOrganization" name="createOrg" time="0.004"/>
  <system-out/>
  <testcase classname="practice1.CreateOrganization" name="createContract" time="0.041"/>
  <system-out/>
  <testcase classname="practice1.CreateOrganization" name="createindustry" time="0.027"/>
  <system-out/>
</testsuite> <!-- practice1.CreateOrganization -->
