<?xml version="1.0" encoding="UTF-8"?>
<!-- Generated by org.testng.reporters.JUnitReportReporter -->
<testsuite hostname="DESKTOP-V2AP8VU" failures="0" tests="1" name="com.crm.autodesk.TestNG.Test_id_Ti_14" time="118.730" errors="0" timestamp="2022-03-16T16:46:17 IST" skipped="0">
  <testcase classname="com.crm.autodesk.TestNG.Test_id_Ti_14" name="Test_id_ti_14" time="118.730"/>
  <system-out/>
</testsuite> <!-- com.crm.autodesk.TestNG.Test_id_Ti_14 -->
